<?xml version="1.0" encoding="UTF-8"?>
<!-- Generated by org.testng.reporters.JUnitXMLReporter -->
<testsuite hostname="DESKTOP-5S59B3V" ignored="3" name="Default test" tests="12" failures="0" timestamp="14 Apr 2021 02:49:03 GMT" time="54.202" errors="0">
  <testcase name="searchfunctionality" time="0.014" classname="pages.SearchPage"/>
  <testcase name="verifyHomePage" time="0.015" classname="tests.HomePageTests"/>
  <testcase name="verifySignInLink" time="1.742" classname="tests.HomePageTests"/>
  <testcase name="verifyContactUsLink" time="1.095" classname="tests.HomePageTests"/>
  <testcase name="verifySearchFunctionality" time="26.748" classname="tests.HomePageTests"/>
  <testcase name="verifyCartLink" time="0.767" classname="tests.HomePageTests"/>
  <testcase name="verifyLoginPageTitle" time="1.023" classname="tests.LoginPageTests"/>
  <testcase name="createAccountwithInvalidEmail" time="4.349" classname="tests.LoginPageTests"/>
  <testcase name="createAnAccountWithValidEmail" time="0.246" classname="tests.LoginPageTests"/>
  <testcase name="verifyloginwithinvalidCredentials" time="2.26" classname="tests.LoginPageTests"/>
  <testcase name="verifyForgotPasswordLink" time="7.75" classname="tests.LoginPageTests"/>
  <testcase name="searchFunctionalitytest" time="0.001" classname="tests.SearchPageTests"/>
  <testcase name="@BeforeTest setUp" time="0.0" classname="base.TestBase">
    <ignored/>
  </testcase> <!-- @BeforeTest setUp -->
  <testcase name="@BeforeTest setUp" time="0.0" classname="base.TestBase">
    <ignored/>
  </testcase> <!-- @BeforeTest setUp -->
  <testcase name="@BeforeTest setUp" time="0.0" classname="base.TestBase">
    <ignored/>
  </testcase> <!-- @BeforeTest setUp -->
</testsuite> <!-- Default test -->
