<?xml version="1.0" encoding="UTF-8"?>
<!-- Generated by org.testng.reporters.JUnitXMLReporter -->
<testsuite hostname="DESKTOP-5S59B3V" ignored="0" name="Test" tests="5" failures="0" timestamp="01 Apr 2021 00:38:56 GMT" time="10.161" errors="0">
  <testcase name="verifyHomePage" time="0.018" classname="tests.HomePageTests"/>
  <testcase name="verifySignInLink" time="1.399" classname="tests.HomePageTests"/>
  <testcase name="verifyContactUsLink" time="1.133" classname="tests.HomePageTests"/>
  <testcase name="verifySearchFunctionality" time="1.162" classname="tests.HomePageTests"/>
  <testcase name="verifyCartLink" time="0.733" classname="tests.HomePageTests"/>
</testsuite> <!-- Test -->
