<?xml version="1.0" encoding="UTF-8"?>
<testng-results skipped="0" failed="0" ignored="0" total="2" passed="2">
  <reporter-output>
  </reporter-output>
  <suite name="Suite" duration-ms="7987" started-at="2021-03-25T02:49:08Z" finished-at="2021-03-25T02:49:16Z">
    <groups>
    </groups>
    <test name="Test" duration-ms="7987" started-at="2021-03-25T02:49:08Z" finished-at="2021-03-25T02:49:16Z">
      <class name="tests.HomePageTests">
        <test-method status="PASS" signature="setUp()[pri:0, instance:tests.HomePageTests@153f5a29]" name="setUp" is-config="true" duration-ms="6047" started-at="2021-03-25T02:49:08Z" finished-at="2021-03-25T02:49:15Z">
          <reporter-output>
          </reporter-output>
        </test-method> <!-- setUp -->
        <test-method status="PASS" signature="verifyHomePage()[pri:0, instance:tests.HomePageTests@153f5a29]" name="verifyHomePage" duration-ms="80" started-at="2021-03-25T02:49:15Z" finished-at="2021-03-25T02:49:15Z">
          <reporter-output>
          </reporter-output>
        </test-method> <!-- verifyHomePage -->
        <test-method status="PASS" signature="verifySignInLink()[pri:0, instance:tests.HomePageTests@153f5a29]" name="verifySignInLink" duration-ms="1840" started-at="2021-03-25T02:49:15Z" finished-at="2021-03-25T02:49:16Z">
          <reporter-output>
          </reporter-output>
        </test-method> <!-- verifySignInLink -->
      </class> <!-- tests.HomePageTests -->
    </test> <!-- Test -->
  </suite> <!-- Suite -->
</testng-results>
