<?xml version="1.0" encoding="UTF-8"?>
<testng-results skipped="0" failed="0" ignored="0" total="5" passed="5">
  <reporter-output>
  </reporter-output>
  <suite name="Default suite" duration-ms="20987" started-at="2021-04-05T02:53:11Z" finished-at="2021-04-05T02:53:32Z">
    <groups>
    </groups>
    <test name="Default test" duration-ms="20987" started-at="2021-04-05T02:53:11Z" finished-at="2021-04-05T02:53:32Z">
      <class name="tests.LoginPageTests">
        <test-method status="PASS" signature="setUp()[pri:0, instance:tests.LoginPageTests@1bce4f0a]" name="setUp" is-config="true" duration-ms="7813" started-at="2021-04-05T02:53:11Z" finished-at="2021-04-05T02:53:19Z">
          <reporter-output>
          </reporter-output>
        </test-method> <!-- setUp -->
        <test-method status="PASS" signature="verifyLoginPageTitle()[pri:6, instance:tests.LoginPageTests@1bce4f0a]" name="verifyLoginPageTitle" duration-ms="1683" started-at="2021-04-05T02:53:19Z" finished-at="2021-04-05T02:53:21Z">
          <reporter-output>
          </reporter-output>
        </test-method> <!-- verifyLoginPageTitle -->
        <test-method status="PASS" signature="createAccountwithInvalidEmail()[pri:7, instance:tests.LoginPageTests@1bce4f0a]" name="createAccountwithInvalidEmail" duration-ms="4342" started-at="2021-04-05T02:53:21Z" finished-at="2021-04-05T02:53:25Z">
          <reporter-output>
          </reporter-output>
        </test-method> <!-- createAccountwithInvalidEmail -->
        <test-method status="PASS" signature="createAnAccountWithValidEmail()[pri:8, instance:tests.LoginPageTests@1bce4f0a]" name="createAnAccountWithValidEmail" duration-ms="211" started-at="2021-04-05T02:53:25Z" finished-at="2021-04-05T02:53:25Z">
          <reporter-output>
          </reporter-output>
        </test-method> <!-- createAnAccountWithValidEmail -->
        <test-method status="PASS" signature="verifyloginwithinvalidCredentials()[pri:9, instance:tests.LoginPageTests@1bce4f0a]" name="verifyloginwithinvalidCredentials" duration-ms="1985" started-at="2021-04-05T02:53:25Z" finished-at="2021-04-05T02:53:27Z">
          <reporter-output>
          </reporter-output>
        </test-method> <!-- verifyloginwithinvalidCredentials -->
        <test-method status="PASS" signature="verifyForgotPasswordLink()[pri:10, instance:tests.LoginPageTests@1bce4f0a]" name="verifyForgotPasswordLink" duration-ms="4897" started-at="2021-04-05T02:53:27Z" finished-at="2021-04-05T02:53:32Z">
          <reporter-output>
          </reporter-output>
        </test-method> <!-- verifyForgotPasswordLink -->
      </class> <!-- tests.LoginPageTests -->
    </test> <!-- Default test -->
  </suite> <!-- Default suite -->
</testng-results>
