<?xml version="1.0" encoding="UTF-8"?>
<testng-results skipped="0" failed="0" ignored="0" total="2" passed="2">
  <reporter-output>
  </reporter-output>
  <suite name="Suite" duration-ms="7403" started-at="2021-03-25T02:48:12Z" finished-at="2021-03-25T02:48:19Z">
    <groups>
    </groups>
    <test name="Test" duration-ms="7403" started-at="2021-03-25T02:48:12Z" finished-at="2021-03-25T02:48:19Z">
      <class name="tests.HomePageTests">
        <test-method status="PASS" signature="setUp()[pri:0, instance:tests.HomePageTests@1bce4f0a]" name="setUp" is-config="true" duration-ms="6043" started-at="2021-03-25T02:48:12Z" finished-at="2021-03-25T02:48:18Z">
          <reporter-output>
          </reporter-output>
        </test-method> <!-- setUp -->
        <test-method status="PASS" signature="verifyHomePage()[pri:0, instance:tests.HomePageTests@1bce4f0a]" name="verifyHomePage" duration-ms="20" started-at="2021-03-25T02:48:18Z" finished-at="2021-03-25T02:48:18Z">
          <reporter-output>
          </reporter-output>
        </test-method> <!-- verifyHomePage -->
        <test-method status="PASS" signature="verifySignInLink()[pri:0, instance:tests.HomePageTests@1bce4f0a]" name="verifySignInLink" duration-ms="1305" started-at="2021-03-25T02:48:18Z" finished-at="2021-03-25T02:48:19Z">
          <reporter-output>
          </reporter-output>
        </test-method> <!-- verifySignInLink -->
      </class> <!-- tests.HomePageTests -->
    </test> <!-- Test -->
  </suite> <!-- Suite -->
</testng-results>
